\BOOKMARK [0][-]{chapter.1}{\376\377\000I\000n\000t\000r\000o\000d\000u\000c\000t\000i\000o\000n\000\040\000t\000o\000\040\000P\000r\000o\000g\000r\000a\000m\000m\000i\000n\000g\000\040\000L\000a\000n\000g\000u\000a\000g\000e\000s}{}% 1
\BOOKMARK [1][-]{section.1.1}{\376\377\000I\000n\000t\000r\000o\000\040\000t\000o\000\040\000P\000L\000s\000:\000\040\000O\000u\000t\000l\000i\000n\000e\000\040\000\046\000\040\000O\000b\000j\000e\000c\000t\000i\000v\000e\000s}{chapter.1}% 2
\BOOKMARK [2][-]{subsection.1.1.1}{\376\377\000W\000h\000y\000\040\000s\000t\000u\000d\000y\000\040\000P\000L\000s\000\040\000?}{section.1.1}% 3
\BOOKMARK [2][-]{subsection.1.1.2}{\376\377\000L\000a\000n\000g\000u\000a\000g\000e\000s\000:\000\040\000N\000a\000t\000u\000r\000a\000l\000\040\000\046\000\040\000F\000o\000r\000m\000a\000l}{section.1.1}% 4
\BOOKMARK [2][-]{subsection.1.1.3}{\376\377\000S\000y\000n\000a\000t\000a\000x\000\040\000\046\000\040\000S\000e\000m\000a\000n\000t\000i\000c\000s}{section.1.1}% 5
\BOOKMARK [2][-]{subsection.1.1.4}{\376\377\000W\000h\000a\000t\000\040\000i\000s\000\040\000a\000\040\000P\000L\000?}{section.1.1}% 6
\BOOKMARK [1][-]{section.1.2}{\376\377\000F\000a\000c\000t\000o\000r\000s\000\040\000a\000f\000f\000e\000c\000t\000i\000n\000g\000\040\000P\000L\000\040\000e\000v\000o\000l\000u\000t\000i\000o\000n}{chapter.1}% 7
\BOOKMARK [2][-]{subsection.1.2.1}{\376\377\000A\000p\000p\000l\000i\000c\000a\000t\000i\000o\000n\000s}{section.1.2}% 8
\BOOKMARK [2][-]{subsection.1.2.2}{\376\377\000H\000a\000r\000d\000w\000a\000r\000e\000/\000S\000o\000f\000t\000w\000a\000r\000e\000\040\000t\000r\000e\000n\000d\000s}{section.1.2}% 9
\BOOKMARK [2][-]{subsection.1.2.3}{\376\377\000O\000t\000h\000e\000r\000\040\000f\000a\000c\000t\000o\000r\000s}{section.1.2}% 10
\BOOKMARK [1][-]{section.1.3}{\376\377\000P\000L\000\040\000g\000e\000n\000e\000r\000a\000t\000i\000o\000n\000s}{chapter.1}% 11
\BOOKMARK [2][-]{subsection.1.3.1}{\376\377\000M\000a\000c\000h\000i\000n\000e\000\040\000L\000a\000n\000g\000u\000a\000g\000e\000\040\000\050\000E\000x\000a\000m\000p\000l\000e\000\051}{section.1.3}% 12
\BOOKMARK [2][-]{subsection.1.3.2}{\376\377\000A\000s\000s\000e\000m\000b\000l\000y\000\040\000L\000a\000n\000g\000u\000a\000g\000e\000\040\000\050\000E\000x\000a\000m\000p\000l\000e\000\051}{section.1.3}% 13
\BOOKMARK [2][-]{subsection.1.3.3}{\376\377\000E\000v\000o\000l\000u\000t\000i\000o\000n\000\040\000o\000f\000\040\000i\000m\000p\000e\000r\000a\000t\000i\000v\000e\000\040\000\046\000\040\000O\000O\000P\000\040\000P\000L\000s}{section.1.3}% 14
\BOOKMARK [2][-]{subsection.1.3.4}{\376\377\000F\000o\000r\000t\000r\000a\000n\000\040\000I\000V}{section.1.3}% 15
\BOOKMARK [2][-]{subsection.1.3.5}{\376\377\000C\000O\000B\000O\000L\000\040\000\050\0001\0009\0005\0009\000-\0006\0001\000\051}{section.1.3}% 16
\BOOKMARK [2][-]{subsection.1.3.6}{\376\377\000A\000L\000G\000O\000L\000\040\0006\0000\000\040\000\050\0001\0009\0005\0007\000-\0006\0000\000\051}{section.1.3}% 17
\BOOKMARK [2][-]{subsection.1.3.7}{\376\377\000M\000o\000d\000u\000l\000a\000r\000\040\000L\000a\000n\000g\000u\000a\000g\000e\000s}{section.1.3}% 18
\BOOKMARK [2][-]{subsection.1.3.8}{\376\377\000S\000m\000a\000l\000l\000t\000a\000l\000k\000\040\000\050\0001\0009\0007\0006\000,\0001\0009\0008\0000\000\051}{section.1.3}% 19
\BOOKMARK [2][-]{subsection.1.3.9}{\376\377\000C\000+\000+}{section.1.3}% 20
\BOOKMARK [1][-]{section.1.4}{\376\377\000S\000u\000m\000m\000a\000r\000y}{chapter.1}% 21
\BOOKMARK [0][-]{chapter.2}{\376\377\000C\000o\000m\000p\000u\000t\000a\000t\000i\000o\000n\000a\000l\000\040\000m\000o\000d\000e\000l\000s\000\040\000a\000n\000d\000\040\000P\000a\000r\000a\000d\000i\000g\000m\000s}{}% 22
\BOOKMARK [1][-]{section.2.1}{\376\377\000C\000o\000m\000p\000u\000t\000a\000t\000i\000o\000n\000a\000l\000\040\000M\000o\000d\000e\000l\000s}{chapter.2}% 23
\BOOKMARK [2][-]{subsection.2.1.1}{\376\377\000I\000m\000p\000e\000r\000a\000t\000i\000v\000e\000s}{section.2.1}% 24
\BOOKMARK [2][-]{subsection.2.1.2}{\376\377\000F\000u\000n\000c\000t\000i\000o\000n\000a\000l}{section.2.1}% 25
\BOOKMARK [2][-]{subsection.2.1.3}{\376\377\000L\000o\000g\000i\000c}{section.2.1}% 26
\BOOKMARK [1][-]{section.2.2}{\376\377\000M\000a\000c\000h\000i\000n\000e\000\040\000a\000r\000c\000h\000i\000t\000e\000c\000t\000u\000r\000e}{chapter.2}% 27
\BOOKMARK [0][-]{chapter.3}{\376\377\000S\000o\000u\000r\000c\000e\000\040\000c\000o\000d\000e\000\040\000E\000x\000e\000c\000u\000t\000i\000o\000n}{}% 28
\BOOKMARK [1][-]{section.3.1}{\376\377\000A\000\040\000c\000o\000m\000p\000i\000l\000e\000r\000\040\000i\000s\000\040\000a\000\040\000t\000r\000a\000n\000s\000l\000a\000t\000o\000r}{chapter.3}% 29
\BOOKMARK [2][-]{subsection.3.1.1}{\376\377\000W\000h\000y\000\040\000s\000t\000u\000d\000y\000\040\000c\000o\000m\000p\000i\000l\000e\000r\000s\000?}{section.3.1}% 30
\BOOKMARK [2][-]{subsection.3.1.2}{\376\377\000T\000h\000e\000\040\000p\000h\000a\000s\000e\000s\000\040\000o\000f\000\040\000a\000\040\000c\000o\000m\000p\000i\000l\000e\000r}{section.3.1}% 31
\BOOKMARK [1][-]{section.3.2}{\376\377\000C\000o\000m\000p\000i\000l\000a\000t\000i\000o\000n}{chapter.3}% 32
\BOOKMARK [2][-]{subsection.3.2.1}{\376\377\000F\000r\000o\000m\000\040\000C\000o\000m\000p\000i\000l\000a\000t\000i\000o\000n\000\040\000t\000o\000\040\000e\000x\000e\000c\000u\000t\000i\000o\000n}{section.3.2}% 33
\BOOKMARK [1][-]{section.3.3}{\376\377\000W\000h\000a\000t\000\040\000i\000s\000\040\000a\000n\000\040\000i\000n\000t\000e\000r\000p\000r\000e\000t\000e\000r\000?}{chapter.3}% 34
\BOOKMARK [0][-]{chapter.4}{\376\377\000A\000\040\000v\000e\000r\000y\000\040\000S\000i\000m\000p\000l\000e\000\040\000P\000r\000o\000g\000r\000a\000m\000m\000i\000n\000g\000\040\000L\000a\000n\000g\000u\000a\000g\000e}{}% 35
\BOOKMARK [1][-]{section.4.1}{\376\377\000T\000h\000e\000\040\000f\000i\000r\000s\000t\000\040\000P\000r\000o\000g\000r\000a\000m\000m\000i\000n\000g\000\040\000L\000a\000n\000g\000u\000a\000g\000e\000s}{chapter.4}% 36
\BOOKMARK [2][-]{subsection.4.1.1}{\376\377\000M\000a\000c\000h\000i\000n\000e\000\040\000L\000a\000n\000g\000u\000a\000g\000e\000s}{section.4.1}% 37
\BOOKMARK [2][-]{subsection.4.1.2}{\376\377\000M\000a\000c\000h\000i\000n\000e\000\040\000v\000s\000.\000\040\000A\000s\000s\000e\000m\000b\000l\000y\000\040\000L\000a\000n\000g\000u\000a\000g\000e\000s}{section.4.1}% 38
\BOOKMARK [2][-]{subsection.4.1.3}{\376\377\000F\000l\000o\000a\000t\000i\000n\000g\000\040\000p\000o\000i\000n\000t\000\040\000o\000p\000e\000r\000a\000t\000i\000o\000n\000s}{section.4.1}% 39
\BOOKMARK [2][-]{subsection.4.1.4}{\376\377\000I\000n\000d\000e\000x\000i\000n\000g}{section.4.1}% 40
\BOOKMARK [2][-]{subsection.4.1.5}{\376\377\000P\000s\000e\000u\000d\000o\000-\000C\000o\000d\000e\000\040\000I\000n\000t\000e\000r\000p\000r\000e\000t\000e\000r\000s}{section.4.1}% 41
\BOOKMARK [1][-]{section.4.2}{\376\377\000D\000e\000s\000i\000g\000n\000i\000n\000g\000\040\000a\000\040\000S\000i\000m\000p\000l\000e\000\040\000L\000a\000n\000g\000u\000a\000g\000e}{chapter.4}% 42
\BOOKMARK [2][-]{subsection.4.2.1}{\376\377\000T\000h\000e\000\040\000f\000i\000r\000s\000t\000\040\000L\000a\000n\000g\000u\000a\000g\000e}{section.4.2}% 43
\BOOKMARK [2][-]{subsection.4.2.2}{\376\377\000W\000h\000a\000t\000\040\000i\000s\000\040\000a\000\040\000P\000r\000o\000g\000r\000a\000m\000i\000n\000g}{section.4.2}% 44
\BOOKMARK [2][-]{subsection.4.2.3}{\376\377\000T\000h\000i\000n\000g\000s\000\040\000t\000o\000\040\000t\000h\000i\000n\000k\000\040\000a\000b\000o\000u\000t}{section.4.2}% 45
\BOOKMARK [2][-]{subsection.4.2.4}{\376\377\000M\000a\000i\000n\000\040\000M\000e\000m\000o\000r\000y\000\040\000O\000r\000g\000a\000n\000i\000z\000a\000t\000i\000o\000n}{section.4.2}% 46
\BOOKMARK [2][-]{subsection.4.2.5}{\376\377\000I\000n\000s\000t\000r\000u\000c\000i\000o\000n\000\040\000D\000e\000s\000i\000g\000n}{section.4.2}% 47
\BOOKMARK [2][-]{subsection.4.2.6}{\376\377\000D\000e\000s\000i\000g\000n\000\040\000P\000r\000i\000n\000c\000i\000p\000l\000e}{section.4.2}% 48
\BOOKMARK [2][-]{subsection.4.2.7}{\376\377\000S\000u\000m\000m\000a\000r\000y\000:\000\040\000I\000n\000t\000r\000o\000d\000u\000c\000i\000t\000i\000o\000n\000\040\000S\000y\000n\000t\000a\000x\000\040\000a\000n\000d\000\040\000S\000e\000m\000a\000n\000t\000i\000c\000s}{section.4.2}% 49
\BOOKMARK [1][-]{section.4.3}{\376\377\000H\000o\000w\000\040\000t\000o\000\040\000c\000o\000d\000e\000\040\000o\000p\000e\000r\000a\000t\000i\000o\000n\000s\000?}{chapter.4}% 50
\BOOKMARK [2][-]{subsection.4.3.1}{\376\377\000R\000e\000g\000u\000l\000a\000r\000i\000t\000y\000\040\000P\000r\000i\000n\000c\000i\000p\000l\000e}{section.4.3}% 51
\BOOKMARK [2][-]{subsection.4.3.2}{\376\377\000O\000r\000t\000h\000o\000g\000o\000n\000a\000l\000i\000t\000y\000\040\000a\000n\000d\000\040\000S\000y\000m\000m\000e\000t\000r\000y}{section.4.3}% 52
\BOOKMARK [2][-]{subsection.4.3.3}{\376\377\000P\000u\000s\000h\000i\000n\000g\000\040\000S\000y\000m\000m\000e\000t\000r\000y\000\040\000a\000n\000d\000\040\000O\000r\000t\000h\000o\000g\000o\000n\000a\000l\000i\000t\000y\000\040\000t\000o\000o\000\040\000f\000a\000r}{section.4.3}% 53
\BOOKMARK [2][-]{subsection.4.3.4}{\376\377\000R\000r\000e\000p\000r\000e\000s\000e\000n\000t\000i\000n\000g\000\040\000C\000o\000n\000t\000r\000o\000l\000\040\000F\000l\000o\000w}{section.4.3}% 54
\BOOKMARK [2][-]{subsection.4.3.5}{\376\377\000S\000i\000m\000p\000l\000e\000\040\000A\000s\000s\000i\000g\000n\000m\000e\000n\000t\000/\000M\000o\000v\000i\000n\000g\000\040\000D\000a\000t\000a}{section.4.3}% 55
\BOOKMARK [0][-]{chapter.5}{\376\377\000L\000e\000x\000i\000c\000a\000l\000\040\000A\000n\000a\000l\000y\000s\000i\000s}{}% 56
\BOOKMARK [1][-]{section.5.1}{\376\377\000R\000e\000m\000i\000n\000d\000e\000r\000\040\000a\000b\000o\000u\000t\000\040\000c\000o\000m\000p\000i\000l\000a\000t\000i\000o\000n\000\040\000s\000t\000e\000p\000s}{chapter.5}% 57
\BOOKMARK [1][-]{section.5.2}{\376\377\000L\000e\000x\000i\000c\000a\000l\000\040\000A\000n\000a\000l\000y\000s\000i\000s}{chapter.5}% 58
\BOOKMARK [1][-]{section.5.3}{\376\377\000R\000e\000g\000u\000l\000a\000r\000\040\000E\000x\000p\000r\000e\000s\000s\000i\000o\000n\000s}{chapter.5}% 59
\BOOKMARK [2][-]{subsection.5.3.1}{\376\377\000I\000m\000p\000o\000r\000t\000a\000n\000t\000\040\000S\000y\000m\000b\000o\000l\000s}{section.5.3}% 60
\BOOKMARK [2][-]{subsection.5.3.2}{\376\377\000P\000r\000e\000c\000e\000d\000e\000n\000c\000e}{section.5.3}% 61
\BOOKMARK [1][-]{section.5.4}{\376\377\000F\000i\000n\000i\000t\000e\000\040\000S\000t\000a\000t\000e\000\040\000A\000u\000t\000o\000m\000a\000t\000a}{chapter.5}% 62
\BOOKMARK [2][-]{subsection.5.4.1}{\376\377\000D\000e\000t\000e\000r\000m\000i\000n\000i\000s\000t\000i\000c\000\040\000F\000i\000n\000i\000t\000e\000\040\000S\000t\000a\000t\000e\000\040\000A\000u\000t\000o\000m\000a\000t\000a}{section.5.4}% 63
\BOOKMARK [2][-]{subsection.5.4.2}{\376\377\000N\000o\000n\000-\000D\000e\000t\000e\000r\000m\000i\000n\000i\000s\000t\000i\000c\000\040\000F\000i\000n\000i\000t\000e\000\040\000S\000t\000a\000t\000e\000\040\000A\000u\000t\000o\000m\000a\000t\000a}{section.5.4}% 64
\BOOKMARK [2][-]{subsection.5.4.3}{\376\377\000D\000F\000A\000\040\000v\000s\000\040\000N\000F\000A}{section.5.4}% 65
\BOOKMARK [1][-]{section.5.5}{\376\377\000L\000e\000x\000i\000c\000a\000l\000\040\000A\000n\000a\000l\000y\000z\000e\000r\000\040\000I\000m\000p\000l\000e\000m\000e\000n\000t\000a\000t\000i\000o\000n}{chapter.5}% 66
\BOOKMARK [1][-]{section.5.6}{\376\377\000S\000t\000a\000t\000e\000\040\000D\000i\000a\000g\000r\000a\000m\000\040\000D\000e\000s\000i\000g\000n}{chapter.5}% 67
\BOOKMARK [1][-]{section.5.7}{\376\377\000O\000n\000\040\000L\000e\000x\000i\000c\000a\000l\000\040\000E\000r\000r\000o\000r\000s}{chapter.5}% 68
\BOOKMARK [1][-]{section.5.8}{\376\377\000P\000r\000a\000c\000t\000i\000c\000e\000\040\000P\000r\000o\000b\000l\000e\000m\000s}{chapter.5}% 69
\BOOKMARK [0][-]{chapter.6}{\376\377\000L\000a\000n\000g\000u\000a\000g\000e\000\040\000D\000e\000s\000c\000r\000i\000p\000t\000i\000o\000n\000\040\000\046\000\040\000A\000n\000a\000l\000y\000s\000i\000s\000\040\000a\000t\000\040\000t\000h\000e\000\040\000S\000y\000n\000t\000a\000c\000t\000i\000c\000\040\000L\000e\000v\000e\000l\000:}{}% 70
\BOOKMARK [1][-]{section.6.1}{\376\377\000R\000e\000g\000u\000l\000a\000r\000\040\000a\000n\000d\000\040\000C\000o\000n\000t\000e\000x\000t\000-\000F\000r\000e\000e\000\040\000L\000a\000n\000g\000u\000a\000g\000e\000s}{chapter.6}% 71
\BOOKMARK [2][-]{subsection.6.1.1}{\376\377\000R\000e\000g\000u\000l\000a\000r\000\040\000L\000a\000n\000g\000u\000a\000g\000e\000s}{section.6.1}% 72
\BOOKMARK [2][-]{subsection.6.1.2}{\376\377\000A\000n\000a\000l\000y\000s\000i\000s\000\040\000v\000s\000.\000\040\000G\000e\000n\000e\000r\000a\000t\000i\000o\000n}{section.6.1}% 73
\BOOKMARK [2][-]{subsection.6.1.3}{\376\377\000N\000o\000n\000-\000R\000e\000g\000u\000l\000a\000r\000\040\000L\000a\000n\000g\000u\000a\000g\000e\000s}{section.6.1}% 74
